0 info it worked if it ends with ok
1 verbose cli [ 'C:\\Program Files (x86)\\nodejs\\\\node.exe',
1 verbose cli   'C:\\Program Files (x86)\\nodejs\\node_modules\\npm\\bin\\npm-cli.js',
1 verbose cli   'publish' ]
2 info using npm@2.11.3
3 info using node@v0.12.7
4 verbose publish [ '.' ]
5 silly cache add args [ '.', null ]
6 verbose cache add spec .
7 silly cache add parsed spec { raw: '.',
7 silly cache add   scope: null,
7 silly cache add   name: null,
7 silly cache add   rawSpec: '.',
7 silly cache add   spec: 'C:\\nativescript\\nativescript-okhttp',
7 silly cache add   type: 'directory' }
8 verbose addLocalDirectory C:\Users\Asus\AppData\Roaming\npm-cache\nativescript-okhttp\0.0.5\package.tgz not in flight; packing
9 verbose tar pack [ 'C:\\Users\\Asus\\AppData\\Roaming\\npm-cache\\nativescript-okhttp\\0.0.5\\package.tgz',
9 verbose tar pack   'C:\\nativescript\\nativescript-okhttp' ]
10 verbose tarball C:\Users\Asus\AppData\Roaming\npm-cache\nativescript-okhttp\0.0.5\package.tgz
11 verbose folder C:\nativescript\nativescript-okhttp
12 info prepublish nativescript-okhttp@0.0.5
13 verbose addLocalTarball adding from inside cache C:\Users\Asus\AppData\Roaming\npm-cache\nativescript-okhttp\0.0.5\package.tgz
14 silly cache afterAdd nativescript-okhttp@0.0.5
15 verbose afterAdd C:\Users\Asus\AppData\Roaming\npm-cache\nativescript-okhttp\0.0.5\package\package.json not in flight; writing
16 verbose afterAdd C:\Users\Asus\AppData\Roaming\npm-cache\nativescript-okhttp\0.0.5\package\package.json written
17 silly publish { repository:
17 silly publish    { type: 'git',
17 silly publish      url: 'git+https://github.com/kiril-stanoev/nativescript-okhttp.git' },
17 silly publish   name: 'nativescript-okhttp',
17 silly publish   version: '0.0.5',
17 silly publish   main: 'nativescript-okhttp.js',
17 silly publish   nativescript: { platforms: { android: '1.4.0' } },
17 silly publish   homepage: 'https://github.com/kiril-stanoev/nativescript-okhttp',
17 silly publish   keywords: [ 'NativeScript' ],
17 silly publish   author:
17 silly publish    { name: 'Kiril Stanoev',
17 silly publish      email: 'kiril.stanoev@gmail.com',
17 silly publish      url: 'https://github.com/kiril-stanoev/' },
17 silly publish   license: 'MIT',
17 silly publish   bugs: { url: 'https://github.com/kiril-stanoev/nativescript-okhttp/issues' },
17 silly publish   readme: '# NativeScript plugin for OkHttp\r\n\r\n[`OkHttp`](http://square.github.io/okhttp/) is an HTTP client that supports:\r\n\r\n- HTTP/2 and SPDY support allows all requests to the same host to share a socket.\r\n- Connection pooling reduces request latency (if SPDY isn’t available).\r\n- Transparent GZIP shrinks download sizes.\r\n- Response caching avoids the network completely for repeat requests.\r\n\r\n![](screenshots/okHttp.png)\r\n\r\n# Installation\r\n\r\nRun the following command from the root of your project:\r\n\r\n```\r\n$ tns plugin add nativescript-okhttp\r\n```\r\n\r\nThis command automatically installs the necessary files, as well as stores nativescript-okhttp as a dependency in your project\'s `package.json` file.\r\n\r\n# Usage\r\n\r\nTo use the social share module you must first `require()` it. After you `require()` the module you have access to its APIs.\r\n\r\n``` js\r\nvar okHttp = require("nativescript-okhttp");\r\n```\r\n\r\n# API\r\n\r\n### getString(url)\r\n\r\nThe `getString()` method downloads a URL as a string.\r\n\r\n``` js\r\nvar okHttp = require("nativescript-okhttp");\r\nfunction pageLoaded(args) {\r\n    var result = okHttp.getString("http://www.google.com/");\r\n    console.log(result);\r\n}\r\nexports.pageLoaded = pageLoaded;\r\n```\r\n### getJSON(url)\r\n\r\nThe `getString()` method downloads a URL as a string.\r\n\r\n``` js\r\nvar okHttp = require("nativescript-okhttp");\r\nfunction pageLoaded(args) {\r\n    var json = okHttp.getJSON("https://api.github.com/gists/c2a7c39532239ff261be");\r\n    console.log("JSON url: " + json.url);\r\n}\r\nexports.pageLoaded = pageLoaded;\r\n```\r\n\r\n\r\n',
17 silly publish   readmeFilename: 'README.md',
17 silly publish   gitHead: '612ecdc46db4ec2ea2740659dede88b15bb5f4d5',
17 silly publish   description: '[`OkHttp`](http://square.github.io/okhttp/) is an HTTP client that supports:',
17 silly publish   _id: 'nativescript-okhttp@0.0.5',
17 silly publish   scripts: {},
17 silly publish   _shasum: 'f680a0fcebd54f611d7f9f883a09608ae0cc4c3f',
17 silly publish   _from: '.' }
18 verbose getPublishConfig undefined
19 silly mapToRegistry name nativescript-okhttp
20 silly mapToRegistry using default registry
21 silly mapToRegistry registry https://registry.npmjs.org/
22 silly mapToRegistry uri https://registry.npmjs.org/nativescript-okhttp
23 verbose publish registryBase https://registry.npmjs.org/
24 silly publish uploading C:\Users\Asus\AppData\Roaming\npm-cache\nativescript-okhttp\0.0.5\package.tgz
25 verbose request uri https://registry.npmjs.org/nativescript-okhttp
26 verbose request sending authorization for write operation
27 info attempt registry request try #1 at 1:20:08 PM
28 verbose request using bearer token for auth
29 verbose request id f6e12080b11b975b
30 http request PUT https://registry.npmjs.org/nativescript-okhttp
31 http 403 https://registry.npmjs.org/nativescript-okhttp
32 verbose headers { 'content-type': 'application/json',
32 verbose headers   'cache-control': 'max-age=60',
32 verbose headers   'content-length': '95',
32 verbose headers   'accept-ranges': 'bytes',
32 verbose headers   date: 'Mon, 19 Oct 2015 10:20:04 GMT',
32 verbose headers   via: '1.1 varnish',
32 verbose headers   connection: 'keep-alive',
32 verbose headers   'x-served-by': 'cache-lcy1128-LCY',
32 verbose headers   'x-cache': 'MISS',
32 verbose headers   'x-cache-hits': '0',
32 verbose headers   'x-timer': 'S1445250003.001973,VS0,VE1396' }
33 verbose request invalidating C:\Users\Asus\AppData\Roaming\npm-cache\registry.npmjs.org\nativescript-okhttp on PUT
34 error publish Failed PUT 403
35 verbose stack Error: "You cannot publish over the previously published version 0.0.5." : nativescript-okhttp
35 verbose stack     at CachingRegistryClient.<anonymous> (C:\Program Files (x86)\nodejs\node_modules\npm\node_modules\npm-registry-client\lib\request.js:247:14)
35 verbose stack     at Request._callback (C:\Program Files (x86)\nodejs\node_modules\npm\node_modules\npm-registry-client\lib\request.js:170:14)
35 verbose stack     at Request.self.callback (C:\Program Files (x86)\nodejs\node_modules\npm\node_modules\request\request.js:354:22)
35 verbose stack     at Request.emit (events.js:110:17)
35 verbose stack     at Request.<anonymous> (C:\Program Files (x86)\nodejs\node_modules\npm\node_modules\request\request.js:1207:14)
35 verbose stack     at Request.emit (events.js:129:20)
35 verbose stack     at IncomingMessage.<anonymous> (C:\Program Files (x86)\nodejs\node_modules\npm\node_modules\request\request.js:1153:12)
35 verbose stack     at IncomingMessage.emit (events.js:129:20)
35 verbose stack     at _stream_readable.js:908:16
35 verbose stack     at process._tickCallback (node.js:355:11)
36 verbose statusCode 403
37 verbose pkgid nativescript-okhttp
38 verbose cwd C:\nativescript\nativescript-okhttp
39 error Windows_NT 6.3.9600
40 error argv "C:\\Program Files (x86)\\nodejs\\\\node.exe" "C:\\Program Files (x86)\\nodejs\\node_modules\\npm\\bin\\npm-cli.js" "publish"
41 error node v0.12.7
42 error npm  v2.11.3
43 error code E403
44 error "You cannot publish over the previously published version 0.0.5." : nativescript-okhttp
45 error If you need help, you may report this error at:
45 error     <https://github.com/npm/npm/issues>
46 verbose exit [ 1, true ]
